{"contracts/ETHChessMatches.sol":{"l":{"156":9,"157":5,"160":3,"161":3,"162":3,"166":3,"167":3,"168":3,"169":3,"173":1,"174":1,"178":1,"179":1,"183":2,"184":2,"188":1,"189":1,"198":2,"199":1,"200":1,"210":1,"211":1,"218":0,"219":0,"220":0,"230":0,"231":0,"240":3,"241":3,"242":2,"243":1,"244":1,"245":0,"247":1,"257":1,"258":1,"268":6,"269":6,"270":5,"271":4,"272":4,"284":4,"285":4,"295":3,"296":3,"297":3,"298":2,"299":2,"300":1,"301":1,"302":1,"303":1,"315":1,"316":1,"325":3,"326":3,"327":3,"328":3,"329":1,"330":1,"331":1,"333":2,"334":2,"335":2,"338":0,"339":0,"351":0,"352":0,"361":1,"362":1,"363":1,"364":1,"365":1,"366":1,"367":1,"368":1,"369":0,"370":0,"371":0,"372":0,"374":0,"375":0,"377":0,"378":0,"379":0,"380":0,"382":0,"383":0,"386":0,"387":0,"389":1,"399":1,"400":1,"408":0,"409":0,"410":0,"411":0,"412":0,"413":0,"414":0,"415":0,"416":0,"418":0,"419":0,"420":0,"422":0,"423":0,"424":0,"425":0,"427":0,"428":0,"429":0,"431":0,"432":0,"440":1,"441":1,"442":1,"443":1,"444":1,"445":1,"446":1,"447":1,"457":1,"459":1,"460":1,"472":3,"473":3,"474":3,"475":3,"476":3,"477":3,"478":0,"479":0,"480":0,"482":0,"485":3,"487":3,"488":3,"489":3,"490":3,"491":1,"492":1,"493":1,"494":1,"495":1,"497":2,"498":2,"501":0,"502":0,"503":0,"504":0,"506":2,"507":2,"517":2,"518":2,"528":2,"539":2,"540":2,"548":2,"557":1,"558":1},"path":"/Users/jon/Desktop/Projects/Best of Chess/BOC-dApp copy/packages/hardhat/contracts/ETHChessMatches.sol","s":{"1":9,"2":3,"3":3,"4":1,"5":1,"6":2,"7":1,"8":2,"9":1,"10":1,"11":0,"12":0,"13":0,"14":3,"15":3,"16":2,"17":1,"18":1,"19":0,"20":1,"21":1,"22":6,"23":6,"24":5,"25":4,"26":4,"27":4,"28":3,"29":3,"30":3,"31":2,"32":2,"33":1,"34":1,"35":1,"36":1,"37":3,"38":3,"39":3,"40":3,"41":1,"42":1,"43":1,"44":2,"45":2,"46":2,"47":2,"48":0,"49":0,"50":0,"51":1,"52":1,"53":1,"54":1,"55":1,"56":1,"57":1,"58":1,"59":0,"60":0,"61":0,"62":0,"63":0,"64":1,"65":0,"66":0,"67":0,"68":0,"69":0,"70":0,"71":1,"72":1,"73":0,"74":0,"75":0,"76":0,"77":0,"78":0,"79":0,"80":0,"81":0,"82":0,"83":0,"84":0,"85":0,"86":0,"87":0,"88":0,"89":0,"90":0,"91":0,"92":1,"93":1,"94":1,"95":1,"96":1,"97":3,"98":3,"99":3,"100":3,"101":3,"102":3,"103":0,"104":0,"105":0,"106":0,"107":3,"108":3,"109":3,"110":3,"111":1,"112":1,"113":1,"114":1,"115":2,"116":2,"117":0,"118":0,"119":2,"120":2,"121":2,"122":2,"123":2,"124":2,"125":1,"126":1},"b":{"1":[5,4],"2":[3,0],"3":[1,1],"4":[1,1],"5":[2,1],"6":[1,1],"7":[1,1],"8":[0,0],"9":[2,1],"10":[1,1],"11":[0,1],"12":[0,0],"13":[5,1],"14":[5,0],"15":[4,1],"16":[2,1],"17":[2,0],"18":[1,1],"19":[1,0],"20":[1,0],"21":[3,0],"22":[1,2],"23":[2,0],"24":[1,0],"25":[1,0],"26":[1,0],"27":[1,0],"28":[0,1],"29":[0,1],"30":[0,0],"31":[0,0],"32":[0,0],"33":[0,0],"34":[0,0],"35":[0,0],"36":[0,0],"37":[0,0],"38":[0,0],"39":[0,0],"40":[1,0],"41":[3,0],"42":[3,0],"43":[0,3],"44":[0,0],"45":[0,0],"46":[0,0],"47":[3,0],"48":[3,0],"49":[1,2]},"f":{"1":9,"2":3,"3":3,"4":1,"5":1,"6":2,"7":1,"8":2,"9":0,"10":3,"11":6,"12":3,"13":3,"14":1,"15":0,"16":1,"17":3,"18":2,"19":2,"20":2,"21":1,"22":0},"fnMap":{"1":{"name":"isAdmin","line":155,"loc":{"start":{"line":155,"column":2},"end":{"line":158,"column":2}}},"2":{"name":"hasChessNFT","line":159,"loc":{"start":{"line":159,"column":2},"end":{"line":163,"column":2}}},"3":{"name":"constructor","line":165,"loc":{"start":{"line":165,"column":2},"end":{"line":170,"column":2}}},"4":{"name":"newFee","line":172,"loc":{"start":{"line":172,"column":2},"end":{"line":175,"column":2}}},"5":{"name":"newRFee","line":177,"loc":{"start":{"line":177,"column":2},"end":{"line":180,"column":2}}},"6":{"name":"newDelta","line":182,"loc":{"start":{"line":182,"column":2},"end":{"line":185,"column":2}}},"7":{"name":"newNFTAddress","line":187,"loc":{"start":{"line":187,"column":2},"end":{"line":190,"column":2}}},"8":{"name":"initMatch","line":197,"loc":{"start":{"line":197,"column":2},"end":{"line":212,"column":2}}},"9":{"name":"initChallengeMatch","line":217,"loc":{"start":{"line":217,"column":2},"end":{"line":232,"column":2}}},"10":{"name":"startMatch","line":239,"loc":{"start":{"line":239,"column":2},"end":{"line":259,"column":2}}},"11":{"name":"startClaim","line":267,"loc":{"start":{"line":267,"column":2},"end":{"line":286,"column":2}}},"12":{"name":"disputeClaim","line":294,"loc":{"start":{"line":294,"column":2},"end":{"line":317,"column":2}}},"13":{"name":"resolveDispute","line":324,"loc":{"start":{"line":324,"column":2},"end":{"line":353,"column":2}}},"14":{"name":"endMatch","line":360,"loc":{"start":{"line":360,"column":2},"end":{"line":401,"column":2}}},"15":{"name":"claimRefund","line":407,"loc":{"start":{"line":407,"column":2},"end":{"line":433,"column":2}}},"16":{"name":"initDeathMatch","line":439,"loc":{"start":{"line":439,"column":2},"end":{"line":461,"column":2}}},"17":{"name":"advanceDeathMatch","line":471,"loc":{"start":{"line":471,"column":2},"end":{"line":508,"column":2}}},"18":{"name":"newRound","line":516,"loc":{"start":{"line":516,"column":2},"end":{"line":529,"column":2}}},"19":{"name":"calcFee","line":538,"loc":{"start":{"line":538,"column":2},"end":{"line":541,"column":4}}},"20":{"name":"viewHoldings","line":547,"loc":{"start":{"line":547,"column":2},"end":{"line":549,"column":4}}},"21":{"name":"sendEther","line":556,"loc":{"start":{"line":556,"column":2},"end":{"line":559,"column":2}}},"22":{"name":null,"line":563,"loc":{"start":{"line":563,"column":2},"end":{"line":563,"column":31}}}},"statementMap":{"1":{"start":{"line":156,"column":4},"end":{"line":156,"column":59}},"2":{"start":{"line":160,"column":4},"end":{"line":160,"column":62}},"3":{"start":{"line":161,"column":4},"end":{"line":161,"column":56}},"4":{"start":{"line":174,"column":4},"end":{"line":174,"column":15}},"5":{"start":{"line":179,"column":4},"end":{"line":179,"column":15}},"6":{"start":{"line":184,"column":4},"end":{"line":184,"column":15}},"7":{"start":{"line":189,"column":4},"end":{"line":189,"column":15}},"8":{"start":{"line":198,"column":6},"end":{"line":198,"column":43}},"9":{"start":{"line":210,"column":6},"end":{"line":210,"column":58}},"10":{"start":{"line":211,"column":6},"end":{"line":211,"column":21}},"11":{"start":{"line":218,"column":6},"end":{"line":218,"column":43}},"12":{"start":{"line":230,"column":6},"end":{"line":230,"column":62}},"13":{"start":{"line":231,"column":6},"end":{"line":231,"column":21}},"14":{"start":{"line":240,"column":4},"end":{"line":240,"column":48}},"15":{"start":{"line":241,"column":4},"end":{"line":241,"column":63}},"16":{"start":{"line":242,"column":4},"end":{"line":242,"column":57}},"17":{"start":{"line":243,"column":4},"end":{"line":243,"column":53}},"18":{"start":{"line":244,"column":4},"end":{"line":244,"column":8974}},"19":{"start":{"line":245,"column":6},"end":{"line":245,"column":69}},"20":{"start":{"line":257,"column":4},"end":{"line":257,"column":97}},"21":{"start":{"line":258,"column":4},"end":{"line":258,"column":15}},"22":{"start":{"line":268,"column":4},"end":{"line":268,"column":48}},"23":{"start":{"line":269,"column":4},"end":{"line":269,"column":93}},"24":{"start":{"line":270,"column":4},"end":{"line":270,"column":85}},"25":{"start":{"line":271,"column":4},"end":{"line":271,"column":28}},"26":{"start":{"line":284,"column":4},"end":{"line":284,"column":80}},"27":{"start":{"line":285,"column":4},"end":{"line":285,"column":15}},"28":{"start":{"line":295,"column":4},"end":{"line":295,"column":48}},"29":{"start":{"line":296,"column":4},"end":{"line":296,"column":44}},"30":{"start":{"line":297,"column":4},"end":{"line":297,"column":56}},"31":{"start":{"line":298,"column":4},"end":{"line":298,"column":75}},"32":{"start":{"line":299,"column":4},"end":{"line":299,"column":93}},"33":{"start":{"line":300,"column":4},"end":{"line":300,"column":79}},"34":{"start":{"line":301,"column":4},"end":{"line":301,"column":27}},"35":{"start":{"line":315,"column":4},"end":{"line":315,"column":92}},"36":{"start":{"line":316,"column":4},"end":{"line":316,"column":15}},"37":{"start":{"line":325,"column":4},"end":{"line":325,"column":50}},"38":{"start":{"line":326,"column":4},"end":{"line":326,"column":49}},"39":{"start":{"line":327,"column":4},"end":{"line":327,"column":57}},"40":{"start":{"line":328,"column":4},"end":{"line":328,"column":12367}},"41":{"start":{"line":329,"column":6},"end":{"line":329,"column":30}},"42":{"start":{"line":330,"column":6},"end":{"line":330,"column":50}},"43":{"start":{"line":331,"column":6},"end":{"line":331,"column":17}},"44":{"start":{"line":332,"column":11},"end":{"line":332,"column":12516}},"45":{"start":{"line":333,"column":6},"end":{"line":333,"column":34}},"46":{"start":{"line":334,"column":6},"end":{"line":334,"column":50}},"47":{"start":{"line":335,"column":6},"end":{"line":335,"column":17}},"48":{"start":{"line":338,"column":4},"end":{"line":338,"column":54}},"49":{"start":{"line":351,"column":4},"end":{"line":351,"column":40}},"50":{"start":{"line":352,"column":4},"end":{"line":352,"column":15}},"51":{"start":{"line":361,"column":4},"end":{"line":361,"column":48}},"52":{"start":{"line":362,"column":4},"end":{"line":362,"column":43}},"53":{"start":{"line":363,"column":4},"end":{"line":363,"column":49}},"54":{"start":{"line":364,"column":4},"end":{"line":364,"column":93}},"55":{"start":{"line":365,"column":4},"end":{"line":365,"column":78}},"56":{"start":{"line":366,"column":4},"end":{"line":366,"column":71}},"57":{"start":{"line":367,"column":4},"end":{"line":367,"column":13914}},"58":{"start":{"line":368,"column":6},"end":{"line":368,"column":13943}},"59":{"start":{"line":369,"column":8},"end":{"line":369,"column":45}},"60":{"start":{"line":370,"column":8},"end":{"line":370,"column":14054}},"61":{"start":{"line":371,"column":10},"end":{"line":371,"column":60}},"62":{"start":{"line":372,"column":10},"end":{"line":372,"column":51}},"63":{"start":{"line":375,"column":8},"end":{"line":375,"column":97}},"64":{"start":{"line":376,"column":13},"end":{"line":376,"column":14375}},"65":{"start":{"line":377,"column":8},"end":{"line":377,"column":49}},"66":{"start":{"line":378,"column":8},"end":{"line":378,"column":14489}},"67":{"start":{"line":379,"column":10},"end":{"line":379,"column":51}},"68":{"start":{"line":380,"column":10},"end":{"line":380,"column":55}},"69":{"start":{"line":383,"column":8},"end":{"line":383,"column":100}},"70":{"start":{"line":387,"column":6},"end":{"line":387,"column":95}},"71":{"start":{"line":399,"column":4},"end":{"line":399,"column":48}},"72":{"start":{"line":400,"column":4},"end":{"line":400,"column":15}},"73":{"start":{"line":408,"column":4},"end":{"line":408,"column":48}},"74":{"start":{"line":409,"column":4},"end":{"line":409,"column":44}},"75":{"start":{"line":410,"column":4},"end":{"line":410,"column":93}},"76":{"start":{"line":411,"column":4},"end":{"line":411,"column":83}},"77":{"start":{"line":412,"column":4},"end":{"line":412,"column":76}},"78":{"start":{"line":413,"column":4},"end":{"line":413,"column":15925}},"79":{"start":{"line":414,"column":6},"end":{"line":414,"column":35}},"80":{"start":{"line":415,"column":6},"end":{"line":415,"column":64}},"81":{"start":{"line":416,"column":6},"end":{"line":416,"column":17}},"82":{"start":{"line":417,"column":11},"end":{"line":417,"column":16090}},"83":{"start":{"line":418,"column":6},"end":{"line":418,"column":35}},"84":{"start":{"line":419,"column":6},"end":{"line":419,"column":68}},"85":{"start":{"line":420,"column":6},"end":{"line":420,"column":17}},"86":{"start":{"line":422,"column":4},"end":{"line":422,"column":16293}},"87":{"start":{"line":423,"column":6},"end":{"line":423,"column":64}},"88":{"start":{"line":426,"column":11},"end":{"line":426,"column":16549}},"89":{"start":{"line":427,"column":6},"end":{"line":427,"column":64}},"90":{"start":{"line":431,"column":4},"end":{"line":431,"column":31}},"91":{"start":{"line":432,"column":4},"end":{"line":432,"column":15}},"92":{"start":{"line":440,"column":4},"end":{"line":440,"column":36}},"93":{"start":{"line":442,"column":4},"end":{"line":442,"column":61}},"94":{"start":{"line":457,"column":4},"end":{"line":457,"column":32}},"95":{"start":{"line":459,"column":4},"end":{"line":459,"column":66}},"96":{"start":{"line":460,"column":4},"end":{"line":460,"column":15}},"97":{"start":{"line":472,"column":4},"end":{"line":472,"column":64}},"98":{"start":{"line":473,"column":4},"end":{"line":473,"column":40}},"99":{"start":{"line":474,"column":4},"end":{"line":474,"column":47}},"100":{"start":{"line":475,"column":4},"end":{"line":475,"column":67}},"101":{"start":{"line":476,"column":4},"end":{"line":476,"column":36}},"102":{"start":{"line":477,"column":4},"end":{"line":477,"column":18485}},"103":{"start":{"line":478,"column":6},"end":{"line":478,"column":51}},"104":{"start":{"line":479,"column":6},"end":{"line":479,"column":18571}},"105":{"start":{"line":480,"column":8},"end":{"line":480,"column":50}},"106":{"start":{"line":482,"column":8},"end":{"line":482,"column":48}},"107":{"start":{"line":485,"column":6},"end":{"line":485,"column":46}},"108":{"start":{"line":488,"column":4},"end":{"line":488,"column":25}},"109":{"start":{"line":489,"column":4},"end":{"line":489,"column":18867}},"110":{"start":{"line":490,"column":6},"end":{"line":490,"column":18919}},"111":{"start":{"line":491,"column":8},"end":{"line":491,"column":51}},"112":{"start":{"line":493,"column":8},"end":{"line":493,"column":51}},"113":{"start":{"line":494,"column":8},"end":{"line":494,"column":87}},"114":{"start":{"line":495,"column":8},"end":{"line":495,"column":19}},"115":{"start":{"line":497,"column":8},"end":{"line":497,"column":86}},"116":{"start":{"line":498,"column":8},"end":{"line":498,"column":34}},"117":{"start":{"line":503,"column":6},"end":{"line":503,"column":70}},"118":{"start":{"line":504,"column":6},"end":{"line":504,"column":32}},"119":{"start":{"line":506,"column":4},"end":{"line":506,"column":74}},"120":{"start":{"line":507,"column":4},"end":{"line":507,"column":15}},"121":{"start":{"line":528,"column":4},"end":{"line":528,"column":19}},"122":{"start":{"line":539,"column":6},"end":{"line":539,"column":46}},"123":{"start":{"line":540,"column":6},"end":{"line":540,"column":20}},"124":{"start":{"line":548,"column":6},"end":{"line":548,"column":23}},"125":{"start":{"line":557,"column":4},"end":{"line":557,"column":66}},"126":{"start":{"line":558,"column":4},"end":{"line":558,"column":19}}},"branchMap":{"1":{"line":156,"type":"if","locations":[{"start":{"line":156,"column":4},"end":{"line":156,"column":4}},{"start":{"line":156,"column":4},"end":{"line":156,"column":4}}]},"2":{"line":161,"type":"if","locations":[{"start":{"line":161,"column":4},"end":{"line":161,"column":4}},{"start":{"line":161,"column":4},"end":{"line":161,"column":4}}]},"3":{"line":172,"type":"if","locations":[{"start":{"line":172,"column":37},"end":{"line":172,"column":37}},{"start":{"line":172,"column":37},"end":{"line":172,"column":37}}]},"4":{"line":177,"type":"if","locations":[{"start":{"line":177,"column":39},"end":{"line":177,"column":39}},{"start":{"line":177,"column":39},"end":{"line":177,"column":39}}]},"5":{"line":182,"type":"if","locations":[{"start":{"line":182,"column":40},"end":{"line":182,"column":40}},{"start":{"line":182,"column":40},"end":{"line":182,"column":40}}]},"6":{"line":187,"type":"if","locations":[{"start":{"line":187,"column":52},"end":{"line":187,"column":52}},{"start":{"line":187,"column":52},"end":{"line":187,"column":52}}]},"7":{"line":198,"type":"if","locations":[{"start":{"line":198,"column":6},"end":{"line":198,"column":6}},{"start":{"line":198,"column":6},"end":{"line":198,"column":6}}]},"8":{"line":218,"type":"if","locations":[{"start":{"line":218,"column":6},"end":{"line":218,"column":6}},{"start":{"line":218,"column":6},"end":{"line":218,"column":6}}]},"9":{"line":241,"type":"if","locations":[{"start":{"line":241,"column":4},"end":{"line":241,"column":4}},{"start":{"line":241,"column":4},"end":{"line":241,"column":4}}]},"10":{"line":242,"type":"if","locations":[{"start":{"line":242,"column":4},"end":{"line":242,"column":4}},{"start":{"line":242,"column":4},"end":{"line":242,"column":4}}]},"11":{"line":244,"type":"if","locations":[{"start":{"line":244,"column":4},"end":{"line":244,"column":4}},{"start":{"line":244,"column":4},"end":{"line":244,"column":4}}]},"12":{"line":245,"type":"if","locations":[{"start":{"line":245,"column":6},"end":{"line":245,"column":6}},{"start":{"line":245,"column":6},"end":{"line":245,"column":6}}]},"13":{"line":269,"type":"if","locations":[{"start":{"line":269,"column":4},"end":{"line":269,"column":4}},{"start":{"line":269,"column":4},"end":{"line":269,"column":4}}]},"14":{"line":269,"type":"cond-expr","locations":[{"start":{"line":269,"column":12},"end":{"line":269,"column":43}},{"start":{"line":269,"column":48},"end":{"line":269,"column":79}}]},"15":{"line":270,"type":"if","locations":[{"start":{"line":270,"column":4},"end":{"line":270,"column":4}},{"start":{"line":270,"column":4},"end":{"line":270,"column":4}}]},"16":{"line":297,"type":"if","locations":[{"start":{"line":297,"column":4},"end":{"line":297,"column":4}},{"start":{"line":297,"column":4},"end":{"line":297,"column":4}}]},"17":{"line":298,"type":"if","locations":[{"start":{"line":298,"column":4},"end":{"line":298,"column":4}},{"start":{"line":298,"column":4},"end":{"line":298,"column":4}}]},"18":{"line":299,"type":"if","locations":[{"start":{"line":299,"column":4},"end":{"line":299,"column":4}},{"start":{"line":299,"column":4},"end":{"line":299,"column":4}}]},"19":{"line":299,"type":"cond-expr","locations":[{"start":{"line":299,"column":12},"end":{"line":299,"column":43}},{"start":{"line":299,"column":48},"end":{"line":299,"column":79}}]},"20":{"line":300,"type":"if","locations":[{"start":{"line":300,"column":4},"end":{"line":300,"column":4}},{"start":{"line":300,"column":4},"end":{"line":300,"column":4}}]},"21":{"line":324,"type":"if","locations":[{"start":{"line":324,"column":58},"end":{"line":324,"column":58}},{"start":{"line":324,"column":58},"end":{"line":324,"column":58}}]},"22":{"line":328,"type":"if","locations":[{"start":{"line":328,"column":4},"end":{"line":328,"column":4}},{"start":{"line":328,"column":4},"end":{"line":328,"column":4}}]},"23":{"line":332,"type":"if","locations":[{"start":{"line":332,"column":11},"end":{"line":332,"column":11}},{"start":{"line":332,"column":11},"end":{"line":332,"column":11}}]},"24":{"line":364,"type":"if","locations":[{"start":{"line":364,"column":4},"end":{"line":364,"column":4}},{"start":{"line":364,"column":4},"end":{"line":364,"column":4}}]},"25":{"line":364,"type":"cond-expr","locations":[{"start":{"line":364,"column":12},"end":{"line":364,"column":43}},{"start":{"line":364,"column":48},"end":{"line":364,"column":79}}]},"26":{"line":365,"type":"if","locations":[{"start":{"line":365,"column":4},"end":{"line":365,"column":4}},{"start":{"line":365,"column":4},"end":{"line":365,"column":4}}]},"27":{"line":367,"type":"if","locations":[{"start":{"line":367,"column":4},"end":{"line":367,"column":4}},{"start":{"line":367,"column":4},"end":{"line":367,"column":4}}]},"28":{"line":368,"type":"if","locations":[{"start":{"line":368,"column":6},"end":{"line":368,"column":6}},{"start":{"line":368,"column":6},"end":{"line":368,"column":6}}]},"29":{"line":376,"type":"if","locations":[{"start":{"line":376,"column":13},"end":{"line":376,"column":13}},{"start":{"line":376,"column":13},"end":{"line":376,"column":13}}]},"30":{"line":410,"type":"if","locations":[{"start":{"line":410,"column":4},"end":{"line":410,"column":4}},{"start":{"line":410,"column":4},"end":{"line":410,"column":4}}]},"31":{"line":410,"type":"cond-expr","locations":[{"start":{"line":410,"column":12},"end":{"line":410,"column":43}},{"start":{"line":410,"column":48},"end":{"line":410,"column":79}}]},"32":{"line":411,"type":"if","locations":[{"start":{"line":411,"column":4},"end":{"line":411,"column":4}},{"start":{"line":411,"column":4},"end":{"line":411,"column":4}}]},"33":{"line":412,"type":"if","locations":[{"start":{"line":412,"column":4},"end":{"line":412,"column":4}},{"start":{"line":412,"column":4},"end":{"line":412,"column":4}}]},"34":{"line":413,"type":"if","locations":[{"start":{"line":413,"column":4},"end":{"line":413,"column":4}},{"start":{"line":413,"column":4},"end":{"line":413,"column":4}}]},"35":{"line":417,"type":"if","locations":[{"start":{"line":417,"column":11},"end":{"line":417,"column":11}},{"start":{"line":417,"column":11},"end":{"line":417,"column":11}}]},"36":{"line":422,"type":"if","locations":[{"start":{"line":422,"column":4},"end":{"line":422,"column":4}},{"start":{"line":422,"column":4},"end":{"line":422,"column":4}}]},"37":{"line":423,"type":"if","locations":[{"start":{"line":423,"column":6},"end":{"line":423,"column":6}},{"start":{"line":423,"column":6},"end":{"line":423,"column":6}}]},"38":{"line":426,"type":"if","locations":[{"start":{"line":426,"column":11},"end":{"line":426,"column":11}},{"start":{"line":426,"column":11},"end":{"line":426,"column":11}}]},"39":{"line":427,"type":"if","locations":[{"start":{"line":427,"column":6},"end":{"line":427,"column":6}},{"start":{"line":427,"column":6},"end":{"line":427,"column":6}}]},"40":{"line":440,"type":"if","locations":[{"start":{"line":440,"column":4},"end":{"line":440,"column":4}},{"start":{"line":440,"column":4},"end":{"line":440,"column":4}}]},"41":{"line":474,"type":"if","locations":[{"start":{"line":474,"column":4},"end":{"line":474,"column":4}},{"start":{"line":474,"column":4},"end":{"line":474,"column":4}}]},"42":{"line":476,"type":"if","locations":[{"start":{"line":476,"column":4},"end":{"line":476,"column":4}},{"start":{"line":476,"column":4},"end":{"line":476,"column":4}}]},"43":{"line":477,"type":"if","locations":[{"start":{"line":477,"column":4},"end":{"line":477,"column":4}},{"start":{"line":477,"column":4},"end":{"line":477,"column":4}}]},"44":{"line":479,"type":"if","locations":[{"start":{"line":479,"column":6},"end":{"line":479,"column":6}},{"start":{"line":479,"column":6},"end":{"line":479,"column":6}}]},"45":{"line":480,"type":"if","locations":[{"start":{"line":480,"column":8},"end":{"line":480,"column":8}},{"start":{"line":480,"column":8},"end":{"line":480,"column":8}}]},"46":{"line":482,"type":"if","locations":[{"start":{"line":482,"column":8},"end":{"line":482,"column":8}},{"start":{"line":482,"column":8},"end":{"line":482,"column":8}}]},"47":{"line":485,"type":"if","locations":[{"start":{"line":485,"column":6},"end":{"line":485,"column":6}},{"start":{"line":485,"column":6},"end":{"line":485,"column":6}}]},"48":{"line":489,"type":"if","locations":[{"start":{"line":489,"column":4},"end":{"line":489,"column":4}},{"start":{"line":489,"column":4},"end":{"line":489,"column":4}}]},"49":{"line":490,"type":"if","locations":[{"start":{"line":490,"column":6},"end":{"line":490,"column":6}},{"start":{"line":490,"column":6},"end":{"line":490,"column":6}}]}}},"contracts/ETHChessNFTs.sol":{"l":{"52":3,"53":3,"54":3,"55":3,"59":5,"60":4,"61":4,"62":3,"63":18,"64":18,"69":1,"70":1,"74":1,"75":1,"76":1,"80":1,"84":1,"85":1,"89":1,"98":0},"path":"/Users/jon/Desktop/Projects/Best of Chess/BOC-dApp copy/packages/hardhat/contracts/ETHChessNFTs.sol","s":{"1":3,"2":3,"3":5,"4":4,"5":4,"6":3,"7":18,"8":1,"9":1,"10":1,"11":1,"12":1,"13":1,"14":0},"b":{"1":[4,1],"2":[4,0],"3":[3,1],"4":[1,1],"5":[1,1],"6":[1,0],"7":[1,1],"8":[1,0],"9":[1,1]},"f":{"1":3,"2":5,"3":1,"4":1,"5":1,"6":1,"7":1,"8":0},"fnMap":{"1":{"name":"constructor","line":51,"loc":{"start":{"line":51,"column":4},"end":{"line":56,"column":4}}},"2":{"name":"safeMint","line":58,"loc":{"start":{"line":58,"column":4},"end":{"line":66,"column":4}}},"3":{"name":"setMintPrice","line":68,"loc":{"start":{"line":68,"column":4},"end":{"line":71,"column":4}}},"4":{"name":"setSupply","line":73,"loc":{"start":{"line":73,"column":4},"end":{"line":77,"column":4}}},"5":{"name":"setBaseUri","line":79,"loc":{"start":{"line":79,"column":4},"end":{"line":81,"column":4}}},"6":{"name":"tokenURI","line":83,"loc":{"start":{"line":83,"column":4},"end":{"line":86,"column":4}}},"7":{"name":"withdraw","line":88,"loc":{"start":{"line":88,"column":4},"end":{"line":90,"column":4}}},"8":{"name":"supportsInterface","line":92,"loc":{"start":{"line":92,"column":4},"end":{"line":99,"column":4}}}},"statementMap":{"1":{"start":{"line":52,"column":6},"end":{"line":52,"column":54}},"2":{"start":{"line":53,"column":6},"end":{"line":53,"column":50}},"3":{"start":{"line":59,"column":6},"end":{"line":59,"column":67}},"4":{"start":{"line":60,"column":6},"end":{"line":60,"column":55}},"5":{"start":{"line":61,"column":6},"end":{"line":61,"column":50}},"6":{"start":{"line":62,"column":6},"end":{"line":62,"column":3494}},"7":{"start":{"line":64,"column":8},"end":{"line":64,"column":25}},"8":{"start":{"line":70,"column":6},"end":{"line":70,"column":17}},"9":{"start":{"line":74,"column":6},"end":{"line":74,"column":35}},"10":{"start":{"line":76,"column":6},"end":{"line":76,"column":17}},"11":{"start":{"line":84,"column":8},"end":{"line":84,"column":84}},"12":{"start":{"line":85,"column":8},"end":{"line":85,"column":85}},"13":{"start":{"line":89,"column":8},"end":{"line":89,"column":58}},"14":{"start":{"line":98,"column":8},"end":{"line":98,"column":51}}},"branchMap":{"1":{"line":59,"type":"if","locations":[{"start":{"line":59,"column":6},"end":{"line":59,"column":6}},{"start":{"line":59,"column":6},"end":{"line":59,"column":6}}]},"2":{"line":60,"type":"if","locations":[{"start":{"line":60,"column":6},"end":{"line":60,"column":6}},{"start":{"line":60,"column":6},"end":{"line":60,"column":6}}]},"3":{"line":61,"type":"if","locations":[{"start":{"line":61,"column":6},"end":{"line":61,"column":6}},{"start":{"line":61,"column":6},"end":{"line":61,"column":6}}]},"4":{"line":68,"type":"if","locations":[{"start":{"line":68,"column":45},"end":{"line":68,"column":45}},{"start":{"line":68,"column":45},"end":{"line":68,"column":45}}]},"5":{"line":73,"type":"if","locations":[{"start":{"line":73,"column":48},"end":{"line":73,"column":48}},{"start":{"line":73,"column":48},"end":{"line":73,"column":48}}]},"6":{"line":74,"type":"if","locations":[{"start":{"line":74,"column":6},"end":{"line":74,"column":6}},{"start":{"line":74,"column":6},"end":{"line":74,"column":6}}]},"7":{"line":79,"type":"if","locations":[{"start":{"line":79,"column":55},"end":{"line":79,"column":55}},{"start":{"line":79,"column":55},"end":{"line":79,"column":55}}]},"8":{"line":84,"type":"if","locations":[{"start":{"line":84,"column":8},"end":{"line":84,"column":8}},{"start":{"line":84,"column":8},"end":{"line":84,"column":8}}]},"9":{"line":88,"type":"if","locations":[{"start":{"line":88,"column":31},"end":{"line":88,"column":31}},{"start":{"line":88,"column":31},"end":{"line":88,"column":31}}]}}}}