{"contracts/ETHChessMatches.sol":{"l":{"140":14,"141":8,"144":12,"145":12,"146":12,"150":3,"151":3,"152":3,"153":3,"154":3,"159":2,"160":2,"165":1,"166":1,"171":1,"172":1,"177":2,"178":2,"183":1,"184":1,"189":1,"190":1,"199":5,"200":4,"201":4,"210":4,"211":4,"218":2,"219":1,"220":1,"229":1,"230":1,"239":18,"240":18,"241":17,"242":16,"243":16,"244":7,"245":7,"246":7,"248":9,"250":15,"251":2,"253":14,"262":14,"263":14,"275":17,"276":17,"277":17,"278":17,"279":17,"280":15,"281":7,"282":7,"284":8,"286":13,"287":13,"299":13,"300":13,"311":8,"312":8,"313":8,"314":8,"315":7,"316":7,"317":6,"318":3,"319":3,"321":3,"323":4,"324":4,"325":4,"337":4,"338":4,"347":12,"348":12,"349":12,"350":12,"351":12,"352":12,"353":7,"354":7,"356":5,"357":5,"360":12,"361":12,"373":12,"382":13,"383":13,"384":13,"385":13,"386":13,"387":13,"388":13,"389":4,"390":4,"391":3,"392":3,"393":3,"394":3,"395":3,"396":3,"397":3,"398":6,"400":3,"402":1,"403":1,"404":1,"405":1,"406":1,"407":1,"408":1,"409":2,"411":1,"414":9,"415":9,"416":9,"417":9,"419":13,"420":13,"421":13,"429":5,"430":5,"431":5,"432":4,"433":4,"434":4,"435":1,"436":1,"437":1,"439":1,"440":1,"441":1,"444":2,"445":2,"446":1,"447":1,"448":1,"449":1,"451":1,"452":1,"453":1,"454":1,"457":2,"458":2,"466":3,"467":3,"468":2,"469":2,"470":2,"471":2,"472":2,"473":2,"474":2,"483":2,"485":2,"486":2,"498":10,"499":10,"500":10,"501":9,"502":9,"503":9,"504":9,"505":2,"506":2,"507":1,"509":1,"512":7,"514":9,"515":7,"516":1,"517":1,"518":1,"519":1,"520":1,"521":1,"523":6,"524":6,"525":6,"526":6,"527":6,"530":2,"531":1,"532":1,"533":1,"534":1,"535":1,"536":1,"538":7,"539":7,"549":7,"550":7,"559":7,"570":14,"571":14,"580":24,"581":24},"path":"/Users/jon/Desktop/Projects/Best of Chess/BOC-dApp copy/packages/hardhat/contracts/ETHChessMatches.sol","s":{"1":14,"2":12,"3":12,"4":2,"5":1,"6":1,"7":2,"8":1,"9":1,"10":5,"11":4,"12":4,"13":2,"14":1,"15":1,"16":18,"17":18,"18":17,"19":16,"20":16,"21":7,"22":7,"23":9,"24":15,"25":2,"26":14,"27":14,"28":17,"29":17,"30":17,"31":17,"32":17,"33":15,"34":7,"35":7,"36":8,"37":13,"38":13,"39":13,"40":8,"41":8,"42":8,"43":8,"44":7,"45":7,"46":6,"47":3,"48":3,"49":3,"50":4,"51":4,"52":4,"53":12,"54":12,"55":12,"56":12,"57":12,"58":12,"59":7,"60":7,"61":5,"62":5,"63":5,"64":12,"65":12,"66":13,"67":13,"68":13,"69":13,"70":13,"71":13,"72":13,"73":4,"74":4,"75":3,"76":3,"77":3,"78":3,"79":6,"80":3,"81":1,"82":1,"83":1,"84":1,"85":2,"86":1,"87":9,"88":13,"89":13,"90":5,"91":5,"92":5,"93":4,"94":4,"95":4,"96":1,"97":1,"98":1,"99":3,"100":1,"101":1,"102":1,"103":2,"104":2,"105":1,"106":1,"107":1,"108":1,"109":1,"110":2,"111":2,"112":3,"113":3,"114":2,"115":2,"116":2,"117":2,"118":10,"119":10,"120":10,"121":9,"122":9,"123":9,"124":9,"125":2,"126":2,"127":1,"128":1,"129":7,"130":9,"131":7,"132":1,"133":1,"134":1,"135":1,"136":6,"137":6,"138":6,"139":2,"140":1,"141":1,"142":7,"143":7,"144":7,"145":14,"146":14,"147":24,"148":24},"b":{"1":[8,6],"2":[12,0],"3":[2,1],"4":[1,1],"5":[1,1],"6":[2,1],"7":[1,1],"8":[1,1],"9":[4,1],"10":[1,1],"11":[17,1],"12":[16,1],"13":[7,9],"14":[7,0],"15":[8,1],"16":[2,13],"17":[1,1],"18":[17,0],"19":[15,2],"20":[13,2],"21":[7,8],"22":[7,0],"23":[6,2],"24":[7,1],"25":[7,0],"26":[6,1],"27":[2,4],"28":[3,3],"29":[2,1],"30":[2,1],"31":[12,0],"32":[12,0],"33":[12,0],"34":[10,2],"35":[7,5],"36":[5,0],"37":[13,0],"38":[13,0],"39":[12,1],"40":[13,0],"41":[4,9],"42":[3,1],"43":[3,0],"44":[6,0],"45":[3,0],"46":[1,0],"47":[2,0],"48":[1,0],"49":[9,0],"50":[5,0],"51":[4,1],"52":[2,2],"53":[4,0],"54":[4,0],"55":[1,3],"56":[1,2],"57":[2,0],"58":[1,1],"59":[1,0],"60":[1,0],"61":[1,0],"62":[1,0],"63":[1,0],"64":[3,0],"65":[2,1],"66":[1,1],"67":[9,1],"68":[9,0],"69":[2,7],"70":[1,1],"71":[1,0],"72":[1,0],"73":[7,0],"74":[7,2],"75":[1,6],"76":[1,0],"77":[6,0],"78":[1,1]},"f":{"1":14,"2":12,"3":3,"4":2,"5":1,"6":1,"7":2,"8":1,"9":1,"10":5,"11":2,"12":18,"13":17,"14":8,"15":12,"16":13,"17":5,"18":3,"19":10,"20":7,"21":14,"22":24,"23":0},"fnMap":{"1":{"name":"isAdmin","line":139,"loc":{"start":{"line":139,"column":2},"end":{"line":142,"column":2}}},"2":{"name":"hasChessNFT","line":143,"loc":{"start":{"line":143,"column":2},"end":{"line":147,"column":2}}},"3":{"name":"constructor","line":149,"loc":{"start":{"line":149,"column":2},"end":{"line":155,"column":2}}},"4":{"name":"newAdmin","line":158,"loc":{"start":{"line":158,"column":2},"end":{"line":161,"column":2}}},"5":{"name":"newFee","line":164,"loc":{"start":{"line":164,"column":2},"end":{"line":167,"column":2}}},"6":{"name":"newRFee","line":170,"loc":{"start":{"line":170,"column":2},"end":{"line":173,"column":2}}},"7":{"name":"newDelta","line":176,"loc":{"start":{"line":176,"column":2},"end":{"line":179,"column":2}}},"8":{"name":"newNFTAddress","line":182,"loc":{"start":{"line":182,"column":2},"end":{"line":185,"column":2}}},"9":{"name":"newMinWager","line":188,"loc":{"start":{"line":188,"column":2},"end":{"line":191,"column":2}}},"10":{"name":"initMatch","line":198,"loc":{"start":{"line":198,"column":2},"end":{"line":212,"column":2}}},"11":{"name":"initChallengeMatch","line":217,"loc":{"start":{"line":217,"column":2},"end":{"line":231,"column":2}}},"12":{"name":"startMatch","line":238,"loc":{"start":{"line":238,"column":2},"end":{"line":264,"column":2}}},"13":{"name":"startClaim","line":274,"loc":{"start":{"line":274,"column":2},"end":{"line":301,"column":2}}},"14":{"name":"disputeClaim","line":310,"loc":{"start":{"line":310,"column":2},"end":{"line":339,"column":2}}},"15":{"name":"resolveDispute","line":346,"loc":{"start":{"line":346,"column":2},"end":{"line":374,"column":2}}},"16":{"name":"endMatch","line":381,"loc":{"start":{"line":381,"column":2},"end":{"line":422,"column":2}}},"17":{"name":"claimRefund","line":428,"loc":{"start":{"line":428,"column":2},"end":{"line":459,"column":2}}},"18":{"name":"initDeathMatch","line":465,"loc":{"start":{"line":465,"column":2},"end":{"line":487,"column":2}}},"19":{"name":"advanceDeathMatch","line":497,"loc":{"start":{"line":497,"column":2},"end":{"line":540,"column":2}}},"20":{"name":"newRound","line":548,"loc":{"start":{"line":548,"column":2},"end":{"line":560,"column":2}}},"21":{"name":"calcFee","line":569,"loc":{"start":{"line":569,"column":2},"end":{"line":572,"column":4}}},"22":{"name":"sendEther","line":579,"loc":{"start":{"line":579,"column":2},"end":{"line":582,"column":2}}},"23":{"name":null,"line":586,"loc":{"start":{"line":586,"column":2},"end":{"line":586,"column":31}}}},"statementMap":{"1":{"start":{"line":140,"column":4},"end":{"line":140,"column":59}},"2":{"start":{"line":144,"column":4},"end":{"line":144,"column":62}},"3":{"start":{"line":145,"column":4},"end":{"line":145,"column":55}},"4":{"start":{"line":160,"column":4},"end":{"line":160,"column":15}},"5":{"start":{"line":166,"column":4},"end":{"line":166,"column":15}},"6":{"start":{"line":172,"column":4},"end":{"line":172,"column":15}},"7":{"start":{"line":178,"column":4},"end":{"line":178,"column":15}},"8":{"start":{"line":184,"column":4},"end":{"line":184,"column":15}},"9":{"start":{"line":190,"column":4},"end":{"line":190,"column":15}},"10":{"start":{"line":199,"column":6},"end":{"line":199,"column":47}},"11":{"start":{"line":210,"column":6},"end":{"line":210,"column":58}},"12":{"start":{"line":211,"column":6},"end":{"line":211,"column":21}},"13":{"start":{"line":218,"column":6},"end":{"line":218,"column":47}},"14":{"start":{"line":229,"column":6},"end":{"line":229,"column":62}},"15":{"start":{"line":230,"column":6},"end":{"line":230,"column":21}},"16":{"start":{"line":239,"column":4},"end":{"line":239,"column":48}},"17":{"start":{"line":240,"column":4},"end":{"line":240,"column":70}},"18":{"start":{"line":241,"column":4},"end":{"line":241,"column":63}},"19":{"start":{"line":242,"column":4},"end":{"line":242,"column":45}},"20":{"start":{"line":243,"column":4},"end":{"line":243,"column":9518}},"21":{"start":{"line":244,"column":6},"end":{"line":244,"column":53}},"22":{"start":{"line":245,"column":6},"end":{"line":245,"column":58}},"23":{"start":{"line":248,"column":6},"end":{"line":248,"column":59}},"24":{"start":{"line":250,"column":4},"end":{"line":250,"column":9852}},"25":{"start":{"line":251,"column":6},"end":{"line":251,"column":69}},"26":{"start":{"line":262,"column":4},"end":{"line":262,"column":103}},"27":{"start":{"line":263,"column":4},"end":{"line":263,"column":15}},"28":{"start":{"line":275,"column":4},"end":{"line":275,"column":48}},"29":{"start":{"line":276,"column":4},"end":{"line":276,"column":54}},"30":{"start":{"line":277,"column":4},"end":{"line":277,"column":45}},"31":{"start":{"line":278,"column":4},"end":{"line":278,"column":59}},"32":{"start":{"line":279,"column":4},"end":{"line":279,"column":93}},"33":{"start":{"line":280,"column":4},"end":{"line":280,"column":11306}},"34":{"start":{"line":281,"column":6},"end":{"line":281,"column":53}},"35":{"start":{"line":282,"column":6},"end":{"line":282,"column":58}},"36":{"start":{"line":284,"column":6},"end":{"line":284,"column":58}},"37":{"start":{"line":286,"column":4},"end":{"line":286,"column":28}},"38":{"start":{"line":299,"column":4},"end":{"line":299,"column":80}},"39":{"start":{"line":300,"column":4},"end":{"line":300,"column":15}},"40":{"start":{"line":311,"column":4},"end":{"line":311,"column":48}},"41":{"start":{"line":312,"column":4},"end":{"line":312,"column":44}},"42":{"start":{"line":313,"column":4},"end":{"line":313,"column":45}},"43":{"start":{"line":314,"column":4},"end":{"line":314,"column":56}},"44":{"start":{"line":315,"column":4},"end":{"line":315,"column":75}},"45":{"start":{"line":316,"column":4},"end":{"line":316,"column":93}},"46":{"start":{"line":317,"column":4},"end":{"line":317,"column":13136}},"47":{"start":{"line":318,"column":6},"end":{"line":318,"column":53}},"48":{"start":{"line":319,"column":6},"end":{"line":319,"column":62}},"49":{"start":{"line":321,"column":6},"end":{"line":321,"column":83}},"50":{"start":{"line":323,"column":4},"end":{"line":323,"column":27}},"51":{"start":{"line":337,"column":4},"end":{"line":337,"column":92}},"52":{"start":{"line":338,"column":4},"end":{"line":338,"column":15}},"53":{"start":{"line":347,"column":4},"end":{"line":347,"column":51}},"54":{"start":{"line":348,"column":4},"end":{"line":348,"column":103}},"55":{"start":{"line":349,"column":4},"end":{"line":349,"column":50}},"56":{"start":{"line":350,"column":4},"end":{"line":350,"column":49}},"57":{"start":{"line":351,"column":4},"end":{"line":351,"column":57}},"58":{"start":{"line":352,"column":4},"end":{"line":352,"column":14698}},"59":{"start":{"line":353,"column":6},"end":{"line":353,"column":30}},"60":{"start":{"line":354,"column":6},"end":{"line":354,"column":50}},"61":{"start":{"line":355,"column":11},"end":{"line":355,"column":14828}},"62":{"start":{"line":356,"column":6},"end":{"line":356,"column":34}},"63":{"start":{"line":357,"column":6},"end":{"line":357,"column":50}},"64":{"start":{"line":360,"column":4},"end":{"line":360,"column":96}},"65":{"start":{"line":373,"column":4},"end":{"line":373,"column":15}},"66":{"start":{"line":382,"column":4},"end":{"line":382,"column":49}},"67":{"start":{"line":383,"column":4},"end":{"line":383,"column":43}},"68":{"start":{"line":384,"column":4},"end":{"line":384,"column":49}},"69":{"start":{"line":385,"column":4},"end":{"line":385,"column":93}},"70":{"start":{"line":386,"column":4},"end":{"line":386,"column":78}},"71":{"start":{"line":387,"column":4},"end":{"line":387,"column":73}},"72":{"start":{"line":388,"column":4},"end":{"line":388,"column":16278}},"73":{"start":{"line":389,"column":6},"end":{"line":389,"column":50}},"74":{"start":{"line":390,"column":6},"end":{"line":390,"column":16425}},"75":{"start":{"line":391,"column":8},"end":{"line":391,"column":63}},"76":{"start":{"line":392,"column":8},"end":{"line":392,"column":45}},"77":{"start":{"line":396,"column":8},"end":{"line":396,"column":58}},"78":{"start":{"line":397,"column":8},"end":{"line":397,"column":16889}},"79":{"start":{"line":398,"column":10},"end":{"line":398,"column":60}},"80":{"start":{"line":400,"column":8},"end":{"line":400,"column":106}},"81":{"start":{"line":402,"column":8},"end":{"line":402,"column":65}},"82":{"start":{"line":403,"column":8},"end":{"line":403,"column":49}},"83":{"start":{"line":407,"column":8},"end":{"line":407,"column":49}},"84":{"start":{"line":408,"column":8},"end":{"line":408,"column":17636}},"85":{"start":{"line":409,"column":10},"end":{"line":409,"column":64}},"86":{"start":{"line":411,"column":8},"end":{"line":411,"column":109}},"87":{"start":{"line":417,"column":6},"end":{"line":417,"column":104}},"88":{"start":{"line":420,"column":4},"end":{"line":420,"column":48}},"89":{"start":{"line":421,"column":4},"end":{"line":421,"column":15}},"90":{"start":{"line":429,"column":4},"end":{"line":429,"column":48}},"91":{"start":{"line":430,"column":4},"end":{"line":430,"column":44}},"92":{"start":{"line":431,"column":4},"end":{"line":431,"column":93}},"93":{"start":{"line":432,"column":4},"end":{"line":432,"column":83}},"94":{"start":{"line":433,"column":4},"end":{"line":433,"column":76}},"95":{"start":{"line":434,"column":4},"end":{"line":434,"column":19223}},"96":{"start":{"line":435,"column":6},"end":{"line":435,"column":35}},"97":{"start":{"line":436,"column":6},"end":{"line":436,"column":64}},"98":{"start":{"line":437,"column":6},"end":{"line":437,"column":17}},"99":{"start":{"line":438,"column":11},"end":{"line":438,"column":19422}},"100":{"start":{"line":439,"column":6},"end":{"line":439,"column":35}},"101":{"start":{"line":440,"column":6},"end":{"line":440,"column":68}},"102":{"start":{"line":441,"column":6},"end":{"line":441,"column":17}},"103":{"start":{"line":444,"column":4},"end":{"line":444,"column":19744}},"104":{"start":{"line":445,"column":6},"end":{"line":445,"column":19783}},"105":{"start":{"line":446,"column":8},"end":{"line":446,"column":60}},"106":{"start":{"line":449,"column":8},"end":{"line":449,"column":66}},"107":{"start":{"line":450,"column":13},"end":{"line":450,"column":20124}},"108":{"start":{"line":451,"column":8},"end":{"line":451,"column":60}},"109":{"start":{"line":454,"column":8},"end":{"line":454,"column":66}},"110":{"start":{"line":457,"column":4},"end":{"line":457,"column":31}},"111":{"start":{"line":458,"column":4},"end":{"line":458,"column":15}},"112":{"start":{"line":466,"column":4},"end":{"line":466,"column":36}},"113":{"start":{"line":467,"column":4},"end":{"line":467,"column":153}},"114":{"start":{"line":469,"column":4},"end":{"line":469,"column":61}},"115":{"start":{"line":483,"column":4},"end":{"line":483,"column":32}},"116":{"start":{"line":485,"column":4},"end":{"line":485,"column":66}},"117":{"start":{"line":486,"column":4},"end":{"line":486,"column":15}},"118":{"start":{"line":498,"column":4},"end":{"line":498,"column":64}},"119":{"start":{"line":499,"column":4},"end":{"line":499,"column":40}},"120":{"start":{"line":500,"column":4},"end":{"line":500,"column":43}},"121":{"start":{"line":501,"column":4},"end":{"line":501,"column":67}},"122":{"start":{"line":502,"column":4},"end":{"line":502,"column":60}},"123":{"start":{"line":503,"column":4},"end":{"line":503,"column":25}},"124":{"start":{"line":504,"column":4},"end":{"line":504,"column":22466}},"125":{"start":{"line":505,"column":6},"end":{"line":505,"column":75}},"126":{"start":{"line":506,"column":6},"end":{"line":506,"column":22576}},"127":{"start":{"line":507,"column":8},"end":{"line":507,"column":61}},"128":{"start":{"line":509,"column":8},"end":{"line":509,"column":63}},"129":{"start":{"line":512,"column":6},"end":{"line":512,"column":59}},"130":{"start":{"line":514,"column":4},"end":{"line":514,"column":22947}},"131":{"start":{"line":515,"column":6},"end":{"line":515,"column":23064}},"132":{"start":{"line":516,"column":8},"end":{"line":516,"column":51}},"133":{"start":{"line":518,"column":8},"end":{"line":518,"column":60}},"134":{"start":{"line":519,"column":8},"end":{"line":519,"column":87}},"135":{"start":{"line":521,"column":8},"end":{"line":521,"column":19}},"136":{"start":{"line":523,"column":8},"end":{"line":523,"column":64}},"137":{"start":{"line":525,"column":8},"end":{"line":525,"column":86}},"138":{"start":{"line":527,"column":8},"end":{"line":527,"column":34}},"139":{"start":{"line":530,"column":6},"end":{"line":530,"column":62}},"140":{"start":{"line":534,"column":6},"end":{"line":534,"column":70}},"141":{"start":{"line":536,"column":6},"end":{"line":536,"column":32}},"142":{"start":{"line":538,"column":4},"end":{"line":538,"column":74}},"143":{"start":{"line":539,"column":4},"end":{"line":539,"column":15}},"144":{"start":{"line":559,"column":4},"end":{"line":559,"column":19}},"145":{"start":{"line":570,"column":6},"end":{"line":570,"column":46}},"146":{"start":{"line":571,"column":6},"end":{"line":571,"column":20}},"147":{"start":{"line":580,"column":4},"end":{"line":580,"column":66}},"148":{"start":{"line":581,"column":4},"end":{"line":581,"column":19}}},"branchMap":{"1":{"line":140,"type":"if","locations":[{"start":{"line":140,"column":4},"end":{"line":140,"column":4}},{"start":{"line":140,"column":4},"end":{"line":140,"column":4}}]},"2":{"line":145,"type":"if","locations":[{"start":{"line":145,"column":4},"end":{"line":145,"column":4}},{"start":{"line":145,"column":4},"end":{"line":145,"column":4}}]},"3":{"line":158,"type":"if","locations":[{"start":{"line":158,"column":44},"end":{"line":158,"column":44}},{"start":{"line":158,"column":44},"end":{"line":158,"column":44}}]},"4":{"line":164,"type":"if","locations":[{"start":{"line":164,"column":39},"end":{"line":164,"column":39}},{"start":{"line":164,"column":39},"end":{"line":164,"column":39}}]},"5":{"line":170,"type":"if","locations":[{"start":{"line":170,"column":41},"end":{"line":170,"column":41}},{"start":{"line":170,"column":41},"end":{"line":170,"column":41}}]},"6":{"line":176,"type":"if","locations":[{"start":{"line":176,"column":42},"end":{"line":176,"column":42}},{"start":{"line":176,"column":42},"end":{"line":176,"column":42}}]},"7":{"line":182,"type":"if","locations":[{"start":{"line":182,"column":54},"end":{"line":182,"column":54}},{"start":{"line":182,"column":54},"end":{"line":182,"column":54}}]},"8":{"line":188,"type":"if","locations":[{"start":{"line":188,"column":47},"end":{"line":188,"column":47}},{"start":{"line":188,"column":47},"end":{"line":188,"column":47}}]},"9":{"line":199,"type":"if","locations":[{"start":{"line":199,"column":6},"end":{"line":199,"column":6}},{"start":{"line":199,"column":6},"end":{"line":199,"column":6}}]},"10":{"line":218,"type":"if","locations":[{"start":{"line":218,"column":6},"end":{"line":218,"column":6}},{"start":{"line":218,"column":6},"end":{"line":218,"column":6}}]},"11":{"line":240,"type":"if","locations":[{"start":{"line":240,"column":4},"end":{"line":240,"column":4}},{"start":{"line":240,"column":4},"end":{"line":240,"column":4}}]},"12":{"line":241,"type":"if","locations":[{"start":{"line":241,"column":4},"end":{"line":241,"column":4}},{"start":{"line":241,"column":4},"end":{"line":241,"column":4}}]},"13":{"line":243,"type":"if","locations":[{"start":{"line":243,"column":4},"end":{"line":243,"column":4}},{"start":{"line":243,"column":4},"end":{"line":243,"column":4}}]},"14":{"line":245,"type":"if","locations":[{"start":{"line":245,"column":6},"end":{"line":245,"column":6}},{"start":{"line":245,"column":6},"end":{"line":245,"column":6}}]},"15":{"line":248,"type":"if","locations":[{"start":{"line":248,"column":6},"end":{"line":248,"column":6}},{"start":{"line":248,"column":6},"end":{"line":248,"column":6}}]},"16":{"line":250,"type":"if","locations":[{"start":{"line":250,"column":4},"end":{"line":250,"column":4}},{"start":{"line":250,"column":4},"end":{"line":250,"column":4}}]},"17":{"line":251,"type":"if","locations":[{"start":{"line":251,"column":6},"end":{"line":251,"column":6}},{"start":{"line":251,"column":6},"end":{"line":251,"column":6}}]},"18":{"line":278,"type":"if","locations":[{"start":{"line":278,"column":4},"end":{"line":278,"column":4}},{"start":{"line":278,"column":4},"end":{"line":278,"column":4}}]},"19":{"line":279,"type":"if","locations":[{"start":{"line":279,"column":4},"end":{"line":279,"column":4}},{"start":{"line":279,"column":4},"end":{"line":279,"column":4}}]},"20":{"line":279,"type":"cond-expr","locations":[{"start":{"line":279,"column":12},"end":{"line":279,"column":43}},{"start":{"line":279,"column":48},"end":{"line":279,"column":79}}]},"21":{"line":280,"type":"if","locations":[{"start":{"line":280,"column":4},"end":{"line":280,"column":4}},{"start":{"line":280,"column":4},"end":{"line":280,"column":4}}]},"22":{"line":282,"type":"if","locations":[{"start":{"line":282,"column":6},"end":{"line":282,"column":6}},{"start":{"line":282,"column":6},"end":{"line":282,"column":6}}]},"23":{"line":284,"type":"if","locations":[{"start":{"line":284,"column":6},"end":{"line":284,"column":6}},{"start":{"line":284,"column":6},"end":{"line":284,"column":6}}]},"24":{"line":314,"type":"if","locations":[{"start":{"line":314,"column":4},"end":{"line":314,"column":4}},{"start":{"line":314,"column":4},"end":{"line":314,"column":4}}]},"25":{"line":315,"type":"if","locations":[{"start":{"line":315,"column":4},"end":{"line":315,"column":4}},{"start":{"line":315,"column":4},"end":{"line":315,"column":4}}]},"26":{"line":316,"type":"if","locations":[{"start":{"line":316,"column":4},"end":{"line":316,"column":4}},{"start":{"line":316,"column":4},"end":{"line":316,"column":4}}]},"27":{"line":316,"type":"cond-expr","locations":[{"start":{"line":316,"column":12},"end":{"line":316,"column":43}},{"start":{"line":316,"column":48},"end":{"line":316,"column":79}}]},"28":{"line":317,"type":"if","locations":[{"start":{"line":317,"column":4},"end":{"line":317,"column":4}},{"start":{"line":317,"column":4},"end":{"line":317,"column":4}}]},"29":{"line":319,"type":"if","locations":[{"start":{"line":319,"column":6},"end":{"line":319,"column":6}},{"start":{"line":319,"column":6},"end":{"line":319,"column":6}}]},"30":{"line":321,"type":"if","locations":[{"start":{"line":321,"column":6},"end":{"line":321,"column":6}},{"start":{"line":321,"column":6},"end":{"line":321,"column":6}}]},"31":{"line":346,"type":"if","locations":[{"start":{"line":346,"column":60},"end":{"line":346,"column":60}},{"start":{"line":346,"column":60},"end":{"line":346,"column":60}}]},"32":{"line":346,"type":"if","locations":[{"start":{"line":346,"column":72},"end":{"line":346,"column":72}},{"start":{"line":346,"column":72},"end":{"line":346,"column":72}}]},"33":{"line":348,"type":"if","locations":[{"start":{"line":348,"column":4},"end":{"line":348,"column":4}},{"start":{"line":348,"column":4},"end":{"line":348,"column":4}}]},"34":{"line":348,"type":"cond-expr","locations":[{"start":{"line":348,"column":12},"end":{"line":348,"column":46}},{"start":{"line":348,"column":51},"end":{"line":348,"column":85}}]},"35":{"line":352,"type":"if","locations":[{"start":{"line":352,"column":4},"end":{"line":352,"column":4}},{"start":{"line":352,"column":4},"end":{"line":352,"column":4}}]},"36":{"line":355,"type":"if","locations":[{"start":{"line":355,"column":11},"end":{"line":355,"column":11}},{"start":{"line":355,"column":11},"end":{"line":355,"column":11}}]},"37":{"line":381,"type":"if","locations":[{"start":{"line":381,"column":77},"end":{"line":381,"column":77}},{"start":{"line":381,"column":77},"end":{"line":381,"column":77}}]},"38":{"line":385,"type":"if","locations":[{"start":{"line":385,"column":4},"end":{"line":385,"column":4}},{"start":{"line":385,"column":4},"end":{"line":385,"column":4}}]},"39":{"line":385,"type":"cond-expr","locations":[{"start":{"line":385,"column":12},"end":{"line":385,"column":43}},{"start":{"line":385,"column":48},"end":{"line":385,"column":79}}]},"40":{"line":386,"type":"if","locations":[{"start":{"line":386,"column":4},"end":{"line":386,"column":4}},{"start":{"line":386,"column":4},"end":{"line":386,"column":4}}]},"41":{"line":388,"type":"if","locations":[{"start":{"line":388,"column":4},"end":{"line":388,"column":4}},{"start":{"line":388,"column":4},"end":{"line":388,"column":4}}]},"42":{"line":390,"type":"if","locations":[{"start":{"line":390,"column":6},"end":{"line":390,"column":6}},{"start":{"line":390,"column":6},"end":{"line":390,"column":6}}]},"43":{"line":391,"type":"if","locations":[{"start":{"line":391,"column":8},"end":{"line":391,"column":8}},{"start":{"line":391,"column":8},"end":{"line":391,"column":8}}]},"44":{"line":398,"type":"if","locations":[{"start":{"line":398,"column":10},"end":{"line":398,"column":10}},{"start":{"line":398,"column":10},"end":{"line":398,"column":10}}]},"45":{"line":400,"type":"if","locations":[{"start":{"line":400,"column":8},"end":{"line":400,"column":8}},{"start":{"line":400,"column":8},"end":{"line":400,"column":8}}]},"46":{"line":402,"type":"if","locations":[{"start":{"line":402,"column":8},"end":{"line":402,"column":8}},{"start":{"line":402,"column":8},"end":{"line":402,"column":8}}]},"47":{"line":409,"type":"if","locations":[{"start":{"line":409,"column":10},"end":{"line":409,"column":10}},{"start":{"line":409,"column":10},"end":{"line":409,"column":10}}]},"48":{"line":411,"type":"if","locations":[{"start":{"line":411,"column":8},"end":{"line":411,"column":8}},{"start":{"line":411,"column":8},"end":{"line":411,"column":8}}]},"49":{"line":417,"type":"if","locations":[{"start":{"line":417,"column":6},"end":{"line":417,"column":6}},{"start":{"line":417,"column":6},"end":{"line":417,"column":6}}]},"50":{"line":428,"type":"if","locations":[{"start":{"line":428,"column":46},"end":{"line":428,"column":46}},{"start":{"line":428,"column":46},"end":{"line":428,"column":46}}]},"51":{"line":431,"type":"if","locations":[{"start":{"line":431,"column":4},"end":{"line":431,"column":4}},{"start":{"line":431,"column":4},"end":{"line":431,"column":4}}]},"52":{"line":431,"type":"cond-expr","locations":[{"start":{"line":431,"column":12},"end":{"line":431,"column":43}},{"start":{"line":431,"column":48},"end":{"line":431,"column":79}}]},"53":{"line":432,"type":"if","locations":[{"start":{"line":432,"column":4},"end":{"line":432,"column":4}},{"start":{"line":432,"column":4},"end":{"line":432,"column":4}}]},"54":{"line":433,"type":"if","locations":[{"start":{"line":433,"column":4},"end":{"line":433,"column":4}},{"start":{"line":433,"column":4},"end":{"line":433,"column":4}}]},"55":{"line":434,"type":"if","locations":[{"start":{"line":434,"column":4},"end":{"line":434,"column":4}},{"start":{"line":434,"column":4},"end":{"line":434,"column":4}}]},"56":{"line":438,"type":"if","locations":[{"start":{"line":438,"column":11},"end":{"line":438,"column":11}},{"start":{"line":438,"column":11},"end":{"line":438,"column":11}}]},"57":{"line":444,"type":"if","locations":[{"start":{"line":444,"column":4},"end":{"line":444,"column":4}},{"start":{"line":444,"column":4},"end":{"line":444,"column":4}}]},"58":{"line":445,"type":"if","locations":[{"start":{"line":445,"column":6},"end":{"line":445,"column":6}},{"start":{"line":445,"column":6},"end":{"line":445,"column":6}}]},"59":{"line":446,"type":"if","locations":[{"start":{"line":446,"column":8},"end":{"line":446,"column":8}},{"start":{"line":446,"column":8},"end":{"line":446,"column":8}}]},"60":{"line":449,"type":"if","locations":[{"start":{"line":449,"column":8},"end":{"line":449,"column":8}},{"start":{"line":449,"column":8},"end":{"line":449,"column":8}}]},"61":{"line":450,"type":"if","locations":[{"start":{"line":450,"column":13},"end":{"line":450,"column":13}},{"start":{"line":450,"column":13},"end":{"line":450,"column":13}}]},"62":{"line":451,"type":"if","locations":[{"start":{"line":451,"column":8},"end":{"line":451,"column":8}},{"start":{"line":451,"column":8},"end":{"line":451,"column":8}}]},"63":{"line":454,"type":"if","locations":[{"start":{"line":454,"column":8},"end":{"line":454,"column":8}},{"start":{"line":454,"column":8},"end":{"line":454,"column":8}}]},"64":{"line":466,"type":"if","locations":[{"start":{"line":466,"column":4},"end":{"line":466,"column":4}},{"start":{"line":466,"column":4},"end":{"line":466,"column":4}}]},"65":{"line":467,"type":"if","locations":[{"start":{"line":467,"column":4},"end":{"line":467,"column":4}},{"start":{"line":467,"column":4},"end":{"line":467,"column":4}}]},"66":{"line":467,"type":"cond-expr","locations":[{"start":{"line":467,"column":12},"end":{"line":467,"column":60}},{"start":{"line":467,"column":65},"end":{"line":467,"column":123}}]},"67":{"line":500,"type":"if","locations":[{"start":{"line":500,"column":4},"end":{"line":500,"column":4}},{"start":{"line":500,"column":4},"end":{"line":500,"column":4}}]},"68":{"line":502,"type":"if","locations":[{"start":{"line":502,"column":4},"end":{"line":502,"column":4}},{"start":{"line":502,"column":4},"end":{"line":502,"column":4}}]},"69":{"line":504,"type":"if","locations":[{"start":{"line":504,"column":4},"end":{"line":504,"column":4}},{"start":{"line":504,"column":4},"end":{"line":504,"column":4}}]},"70":{"line":506,"type":"if","locations":[{"start":{"line":506,"column":6},"end":{"line":506,"column":6}},{"start":{"line":506,"column":6},"end":{"line":506,"column":6}}]},"71":{"line":507,"type":"if","locations":[{"start":{"line":507,"column":8},"end":{"line":507,"column":8}},{"start":{"line":507,"column":8},"end":{"line":507,"column":8}}]},"72":{"line":509,"type":"if","locations":[{"start":{"line":509,"column":8},"end":{"line":509,"column":8}},{"start":{"line":509,"column":8},"end":{"line":509,"column":8}}]},"73":{"line":512,"type":"if","locations":[{"start":{"line":512,"column":6},"end":{"line":512,"column":6}},{"start":{"line":512,"column":6},"end":{"line":512,"column":6}}]},"74":{"line":514,"type":"if","locations":[{"start":{"line":514,"column":4},"end":{"line":514,"column":4}},{"start":{"line":514,"column":4},"end":{"line":514,"column":4}}]},"75":{"line":515,"type":"if","locations":[{"start":{"line":515,"column":6},"end":{"line":515,"column":6}},{"start":{"line":515,"column":6},"end":{"line":515,"column":6}}]},"76":{"line":518,"type":"if","locations":[{"start":{"line":518,"column":8},"end":{"line":518,"column":8}},{"start":{"line":518,"column":8},"end":{"line":518,"column":8}}]},"77":{"line":523,"type":"if","locations":[{"start":{"line":523,"column":8},"end":{"line":523,"column":8}},{"start":{"line":523,"column":8},"end":{"line":523,"column":8}}]},"78":{"line":530,"type":"if","locations":[{"start":{"line":530,"column":6},"end":{"line":530,"column":6}},{"start":{"line":530,"column":6},"end":{"line":530,"column":6}}]}}},"contracts/ETHChessNFTs.sol":{"l":{"54":3,"55":3,"56":3,"57":3,"61":10,"62":8,"63":8,"64":7,"65":42,"66":42,"71":1,"72":1,"76":1,"77":1,"78":1,"82":1,"86":1,"87":1,"91":1,"100":0},"path":"/Users/jon/Desktop/Projects/Best of Chess/BOC-dApp copy/packages/hardhat/contracts/ETHChessNFTs.sol","s":{"1":3,"2":3,"3":10,"4":8,"5":8,"6":7,"7":42,"8":1,"9":1,"10":1,"11":1,"12":1,"13":1,"14":0},"b":{"1":[8,2],"2":[8,0],"3":[8,0],"4":[7,1],"5":[1,1],"6":[1,1],"7":[1,0],"8":[1,1],"9":[1,0],"10":[1,1]},"f":{"1":3,"2":10,"3":1,"4":1,"5":1,"6":1,"7":1,"8":0},"fnMap":{"1":{"name":"constructor","line":53,"loc":{"start":{"line":53,"column":4},"end":{"line":58,"column":4}}},"2":{"name":"safeMint","line":60,"loc":{"start":{"line":60,"column":4},"end":{"line":68,"column":4}}},"3":{"name":"setMintPrice","line":70,"loc":{"start":{"line":70,"column":4},"end":{"line":73,"column":4}}},"4":{"name":"setSupply","line":75,"loc":{"start":{"line":75,"column":4},"end":{"line":79,"column":4}}},"5":{"name":"setBaseUri","line":81,"loc":{"start":{"line":81,"column":4},"end":{"line":83,"column":4}}},"6":{"name":"tokenURI","line":85,"loc":{"start":{"line":85,"column":4},"end":{"line":88,"column":4}}},"7":{"name":"withdraw","line":90,"loc":{"start":{"line":90,"column":4},"end":{"line":92,"column":4}}},"8":{"name":"supportsInterface","line":94,"loc":{"start":{"line":94,"column":4},"end":{"line":101,"column":4}}}},"statementMap":{"1":{"start":{"line":54,"column":6},"end":{"line":54,"column":54}},"2":{"start":{"line":55,"column":6},"end":{"line":55,"column":50}},"3":{"start":{"line":61,"column":6},"end":{"line":61,"column":67}},"4":{"start":{"line":62,"column":6},"end":{"line":62,"column":80}},"5":{"start":{"line":63,"column":6},"end":{"line":63,"column":49}},"6":{"start":{"line":64,"column":6},"end":{"line":64,"column":3518}},"7":{"start":{"line":66,"column":8},"end":{"line":66,"column":25}},"8":{"start":{"line":72,"column":6},"end":{"line":72,"column":17}},"9":{"start":{"line":76,"column":6},"end":{"line":76,"column":35}},"10":{"start":{"line":78,"column":6},"end":{"line":78,"column":17}},"11":{"start":{"line":86,"column":8},"end":{"line":86,"column":84}},"12":{"start":{"line":87,"column":8},"end":{"line":87,"column":85}},"13":{"start":{"line":91,"column":8},"end":{"line":91,"column":58}},"14":{"start":{"line":100,"column":8},"end":{"line":100,"column":51}}},"branchMap":{"1":{"line":61,"type":"if","locations":[{"start":{"line":61,"column":6},"end":{"line":61,"column":6}},{"start":{"line":61,"column":6},"end":{"line":61,"column":6}}]},"2":{"line":62,"type":"if","locations":[{"start":{"line":62,"column":6},"end":{"line":62,"column":6}},{"start":{"line":62,"column":6},"end":{"line":62,"column":6}}]},"3":{"line":62,"type":"cond-expr","locations":[{"start":{"line":62,"column":14},"end":{"line":62,"column":34}},{"start":{"line":62,"column":39},"end":{"line":62,"column":60}}]},"4":{"line":63,"type":"if","locations":[{"start":{"line":63,"column":6},"end":{"line":63,"column":6}},{"start":{"line":63,"column":6},"end":{"line":63,"column":6}}]},"5":{"line":70,"type":"if","locations":[{"start":{"line":70,"column":45},"end":{"line":70,"column":45}},{"start":{"line":70,"column":45},"end":{"line":70,"column":45}}]},"6":{"line":75,"type":"if","locations":[{"start":{"line":75,"column":48},"end":{"line":75,"column":48}},{"start":{"line":75,"column":48},"end":{"line":75,"column":48}}]},"7":{"line":76,"type":"if","locations":[{"start":{"line":76,"column":6},"end":{"line":76,"column":6}},{"start":{"line":76,"column":6},"end":{"line":76,"column":6}}]},"8":{"line":81,"type":"if","locations":[{"start":{"line":81,"column":55},"end":{"line":81,"column":55}},{"start":{"line":81,"column":55},"end":{"line":81,"column":55}}]},"9":{"line":86,"type":"if","locations":[{"start":{"line":86,"column":8},"end":{"line":86,"column":8}},{"start":{"line":86,"column":8},"end":{"line":86,"column":8}}]},"10":{"line":90,"type":"if","locations":[{"start":{"line":90,"column":31},"end":{"line":90,"column":31}},{"start":{"line":90,"column":31},"end":{"line":90,"column":31}}]}}}}